Using GATK jar /home/bmurnyak/miniconda3/envs/variant-calling/share/gatk4-4.6.2.0-0/gatk-package-4.6.2.0-local.jar
Running:
    java -Dsamjdk.use_async_io_read_samtools=false -Dsamjdk.use_async_io_write_samtools=true -Dsamjdk.use_async_io_write_tribble=false -Dsamjdk.compression_level=2 -jar /home/bmurnyak/miniconda3/envs/variant-calling/share/gatk4-4.6.2.0-0/gatk-package-4.6.2.0-local.jar GenotypeGVCFs -R data/reference/hg38_chr21.fa -V results/variants/NA12878.g.vcf.gz -O results/variants/NA12878.raw.vcf.gz
09:39:30.982 INFO  NativeLibraryLoader - Loading libgkl_compression.so from jar:file:/home/bmurnyak/miniconda3/envs/variant-calling/share/gatk4-4.6.2.0-0/gatk-package-4.6.2.0-local.jar!/com/intel/gkl/native/libgkl_compression.so
09:39:31.269 INFO  GenotypeGVCFs - ------------------------------------------------------------
09:39:31.275 INFO  GenotypeGVCFs - The Genome Analysis Toolkit (GATK) v4.6.2.0
09:39:31.276 INFO  GenotypeGVCFs - For support and documentation go to https://software.broadinstitute.org/gatk/
09:39:31.276 INFO  GenotypeGVCFs - Executing as bmurnyak@Balazs on Linux v5.15.167.4-microsoft-standard-WSL2 amd64
09:39:31.277 INFO  GenotypeGVCFs - Java runtime: OpenJDK 64-Bit Server VM v17.0.18-internal+0-adhoc.conda.src
09:39:31.277 INFO  GenotypeGVCFs - Start Date/Time: June 3, 2026 at 9:39:30 AM MDT
09:39:31.278 INFO  GenotypeGVCFs - ------------------------------------------------------------
09:39:31.278 INFO  GenotypeGVCFs - ------------------------------------------------------------
09:39:31.281 INFO  GenotypeGVCFs - HTSJDK Version: 4.2.0
09:39:31.282 INFO  GenotypeGVCFs - Picard Version: 3.4.0
09:39:31.282 INFO  GenotypeGVCFs - Built for Spark Version: 3.5.0
09:39:31.290 INFO  GenotypeGVCFs - HTSJDK Defaults.COMPRESSION_LEVEL : 2
09:39:31.291 INFO  GenotypeGVCFs - HTSJDK Defaults.USE_ASYNC_IO_READ_FOR_SAMTOOLS : false
09:39:31.291 INFO  GenotypeGVCFs - HTSJDK Defaults.USE_ASYNC_IO_WRITE_FOR_SAMTOOLS : true
09:39:31.292 INFO  GenotypeGVCFs - HTSJDK Defaults.USE_ASYNC_IO_WRITE_FOR_TRIBBLE : false
09:39:31.292 INFO  GenotypeGVCFs - Deflater: IntelDeflater
09:39:31.293 INFO  GenotypeGVCFs - Inflater: IntelInflater
09:39:31.293 INFO  GenotypeGVCFs - GCS max retries/reopens: 20
09:39:31.293 INFO  GenotypeGVCFs - Requester pays: disabled
09:39:31.294 INFO  GenotypeGVCFs - Initializing engine
09:39:31.503 INFO  FeatureManager - Using codec VCFCodec to read file file:///home/bmurnyak/germline-variant-pipeline/results/variants/NA12878.g.vcf.gz
09:39:31.596 INFO  GenotypeGVCFs - Done initializing engine
09:39:31.717 INFO  ProgressMeter - Starting traversal
09:39:31.718 INFO  ProgressMeter -        Current Locus  Elapsed Minutes    Variants Processed  Variants/Minute
09:39:31.920 WARN  ReferenceConfidenceVariantContextMerger - Detected invalid annotations: When trying to merge variant contexts at location chr21:5030802 the annotation MLEAC=[1, 0] was not a numerical value and was ignored
09:39:32.002 WARN  InbreedingCoeff - InbreedingCoeff will not be calculated at position chr21:5030802 and possibly subsequent; at least 10 samples must have called genotypes
09:39:41.775 INFO  ProgressMeter -        chr21:9918400              0.2                243000        1450024.9
09:39:51.783 INFO  ProgressMeter -       chr21:15289517              0.3                876000        2619617.2
09:40:01.803 INFO  ProgressMeter -       chr21:20960870              0.5               1539000        3069507.7
09:40:11.811 INFO  ProgressMeter -       chr21:27030983              0.7               2244000        3358276.0
09:40:21.814 INFO  ProgressMeter -       chr21:34027195              0.8               3062000        3667431.9
09:40:31.818 INFO  ProgressMeter -       chr21:41572065              1.0               3930000        3923526.2
09:40:38.449 INFO  ProgressMeter -       chr21:46693743              1.1               4497774        4044215.3
09:40:38.449 INFO  ProgressMeter - Traversal complete. Processed 4497774 total variants in 1.1 minutes.
09:40:38.456 INFO  GenotypeGVCFs - Shutting down engine
[June 3, 2026 at 9:40:38 AM MDT] org.broadinstitute.hellbender.tools.walkers.GenotypeGVCFs done. Elapsed time: 1.13 minutes.
Runtime.totalMemory()=438304768
