Using GATK jar /home/bmurnyak/miniconda3/envs/variant-calling/share/gatk4-4.6.2.0-0/gatk-package-4.6.2.0-local.jar
Running:
    java -Dsamjdk.use_async_io_read_samtools=false -Dsamjdk.use_async_io_write_samtools=true -Dsamjdk.use_async_io_write_tribble=false -Dsamjdk.compression_level=2 -jar /home/bmurnyak/miniconda3/envs/variant-calling/share/gatk4-4.6.2.0-0/gatk-package-4.6.2.0-local.jar ApplyBQSR -I results/aligned/NA12878_markdup.bam -R data/reference/hg38_chr21.fa --bqsr-recal-file results/aligned/NA12878_recal.table -O results/aligned/NA12878_recal.bam
08:56:32.247 INFO  NativeLibraryLoader - Loading libgkl_compression.so from jar:file:/home/bmurnyak/miniconda3/envs/variant-calling/share/gatk4-4.6.2.0-0/gatk-package-4.6.2.0-local.jar!/com/intel/gkl/native/libgkl_compression.so
08:56:32.517 INFO  ApplyBQSR - ------------------------------------------------------------
08:56:32.523 INFO  ApplyBQSR - The Genome Analysis Toolkit (GATK) v4.6.2.0
08:56:32.524 INFO  ApplyBQSR - For support and documentation go to https://software.broadinstitute.org/gatk/
08:56:32.524 INFO  ApplyBQSR - Executing as bmurnyak@Balazs on Linux v5.15.167.4-microsoft-standard-WSL2 amd64
08:56:32.524 INFO  ApplyBQSR - Java runtime: OpenJDK 64-Bit Server VM v17.0.18-internal+0-adhoc.conda.src
08:56:32.524 INFO  ApplyBQSR - Start Date/Time: June 3, 2026 at 8:56:32 AM MDT
08:56:32.525 INFO  ApplyBQSR - ------------------------------------------------------------
08:56:32.525 INFO  ApplyBQSR - ------------------------------------------------------------
08:56:32.527 INFO  ApplyBQSR - HTSJDK Version: 4.2.0
08:56:32.528 INFO  ApplyBQSR - Picard Version: 3.4.0
08:56:32.529 INFO  ApplyBQSR - Built for Spark Version: 3.5.0
08:56:32.534 INFO  ApplyBQSR - HTSJDK Defaults.COMPRESSION_LEVEL : 2
08:56:32.536 INFO  ApplyBQSR - HTSJDK Defaults.USE_ASYNC_IO_READ_FOR_SAMTOOLS : false
08:56:32.536 INFO  ApplyBQSR - HTSJDK Defaults.USE_ASYNC_IO_WRITE_FOR_SAMTOOLS : true
08:56:32.537 INFO  ApplyBQSR - HTSJDK Defaults.USE_ASYNC_IO_WRITE_FOR_TRIBBLE : false
08:56:32.537 INFO  ApplyBQSR - Deflater: IntelDeflater
08:56:32.537 INFO  ApplyBQSR - Inflater: IntelInflater
08:56:32.538 INFO  ApplyBQSR - GCS max retries/reopens: 20
08:56:32.538 INFO  ApplyBQSR - Requester pays: disabled
08:56:32.539 INFO  ApplyBQSR - Initializing engine
08:56:32.779 INFO  ApplyBQSR - Done initializing engine
08:56:32.803 INFO  ProgressMeter - Starting traversal
08:56:32.804 INFO  ProgressMeter -        Current Locus  Elapsed Minutes       Reads Processed     Reads/Minute
08:56:42.818 INFO  ProgressMeter -        chr21:6794841              0.2                321000        1923499.5
08:56:52.831 INFO  ProgressMeter -        chr21:8850269              0.3                708000        2121136.5
08:57:02.838 INFO  ProgressMeter -       chr21:11208791              0.5               1170000        2337428.8
08:57:12.838 INFO  ProgressMeter -       chr21:13231928              0.7               1662000        2490882.7
08:57:22.847 INFO  ProgressMeter -       chr21:15200075              0.8               2153000        2581380.0
08:57:32.866 INFO  ProgressMeter -       chr21:17088917              1.0               2624000        2621291.3
08:57:42.885 INFO  ProgressMeter -       chr21:19176550              1.2               3145000        2692598.6
08:57:52.903 INFO  ProgressMeter -       chr21:21241933              1.3               3660000        2741607.3
08:58:02.915 INFO  ProgressMeter -       chr21:23273198              1.5               4167000        2774578.0
08:58:12.921 INFO  ProgressMeter -       chr21:25370080              1.7               4690000        2810711.5
08:58:22.941 INFO  ProgressMeter -       chr21:27372386              1.8               5192000        2828477.3
08:58:32.954 INFO  ProgressMeter -       chr21:29382329              2.0               5692000        2842446.9
08:58:42.963 INFO  ProgressMeter -       chr21:31412732              2.2               6197000        2856659.9
08:58:52.966 INFO  ProgressMeter -       chr21:33410236              2.3               6696000        2866397.5
08:59:02.972 INFO  ProgressMeter -       chr21:35443511              2.5               7203000        2877976.7
08:59:12.978 INFO  ProgressMeter -       chr21:37465207              2.7               7706000        2886610.8
08:59:22.986 INFO  ProgressMeter -       chr21:39442096              2.8               8200000        2891022.6
08:59:32.991 INFO  ProgressMeter -       chr21:41484504              3.0               8711000        2900653.2
08:59:43.000 INFO  ProgressMeter -       chr21:43587669              3.2               9223000        2909524.9
08:59:53.011 INFO  ProgressMeter -       chr21:45649815              3.3               9739000        2918693.7
08:59:58.100 INFO  ApplyBQSR - 0 read(s) filtered by: WellformedReadFilter 

08:59:58.100 INFO  ProgressMeter -       chr21:46699822              3.4              10000000        2922609.3
08:59:58.100 INFO  ProgressMeter - Traversal complete. Processed 10000000 total reads in 3.4 minutes.
08:59:58.159 INFO  ApplyBQSR - Shutting down engine
[June 3, 2026 at 8:59:58 AM MDT] org.broadinstitute.hellbender.tools.walkers.bqsr.ApplyBQSR done. Elapsed time: 3.43 minutes.
Runtime.totalMemory()=167772160
