Using GATK jar /home/bmurnyak/miniconda3/envs/variant-calling/share/gatk4-4.6.2.0-0/gatk-package-4.6.2.0-local.jar
Running:
    java -Dsamjdk.use_async_io_read_samtools=false -Dsamjdk.use_async_io_write_samtools=true -Dsamjdk.use_async_io_write_tribble=false -Dsamjdk.compression_level=2 -jar /home/bmurnyak/miniconda3/envs/variant-calling/share/gatk4-4.6.2.0-0/gatk-package-4.6.2.0-local.jar MarkDuplicates -I results/aligned/NA12878_raw.bam -O results/aligned/NA12878_markdup.bam -M results/qc/NA12878_markdup_metrics.txt --CREATE_INDEX true
08:52:36.843 INFO  NativeLibraryLoader - Loading libgkl_compression.so from jar:file:/home/bmurnyak/miniconda3/envs/variant-calling/share/gatk4-4.6.2.0-0/gatk-package-4.6.2.0-local.jar!/com/intel/gkl/native/libgkl_compression.so
[Wed Jun 03 08:52:36 MDT 2026] MarkDuplicates --INPUT results/aligned/NA12878_raw.bam --OUTPUT results/aligned/NA12878_markdup.bam --METRICS_FILE results/qc/NA12878_markdup_metrics.txt --CREATE_INDEX true --MAX_SEQUENCES_FOR_DISK_READ_ENDS_MAP 50000 --MAX_FILE_HANDLES_FOR_READ_ENDS_MAP 8000 --SORTING_COLLECTION_SIZE_RATIO 0.25 --TAG_DUPLICATE_SET_MEMBERS false --REMOVE_SEQUENCING_DUPLICATES false --TAGGING_POLICY DontTag --CLEAR_DT true --DUPLEX_UMI false --FLOW_MODE false --FLOW_DUP_STRATEGY FLOW_QUALITY_SUM_STRATEGY --FLOW_USE_END_IN_UNPAIRED_READS false --FLOW_USE_UNPAIRED_CLIPPED_END false --FLOW_UNPAIRED_END_UNCERTAINTY 0 --FLOW_UNPAIRED_START_UNCERTAINTY 0 --FLOW_SKIP_FIRST_N_FLOWS 0 --FLOW_Q_IS_KNOWN_END false --FLOW_EFFECTIVE_QUALITY_THRESHOLD 15 --ADD_PG_TAG_TO_READS true --REMOVE_DUPLICATES false --ASSUME_SORTED false --DUPLICATE_SCORING_STRATEGY SUM_OF_BASE_QUALITIES --PROGRAM_RECORD_ID MarkDuplicates --PROGRAM_GROUP_NAME MarkDuplicates --READ_NAME_REGEX <optimized capture of last three ':' separated fields as numeric values> --OPTICAL_DUPLICATE_PIXEL_DISTANCE 100 --MAX_OPTICAL_DUPLICATE_SET_SIZE 300000 --VERBOSITY INFO --QUIET false --VALIDATION_STRINGENCY STRICT --COMPRESSION_LEVEL 2 --MAX_RECORDS_IN_RAM 500000 --CREATE_MD5_FILE false --help false --version false --showHidden false --USE_JDK_DEFLATER false --USE_JDK_INFLATER false
[Wed Jun 03 08:52:37 MDT 2026] Executing as bmurnyak@Balazs on Linux 5.15.167.4-microsoft-standard-WSL2 amd64; OpenJDK 64-Bit Server VM 17.0.18-internal+0-adhoc.conda.src; Deflater: Intel; Inflater: Intel; Provider GCS is available; Picard version: Version:4.6.2.0
INFO	2026-06-03 08:52:37	MarkDuplicates	Start of doWork freeMemory: 75272072; totalMemory: 104857600; maxMemory: 4154458112
INFO	2026-06-03 08:52:37	MarkDuplicates	Reading input file and constructing read end information.
INFO	2026-06-03 08:52:37	MarkDuplicates	Will retain up to 15052384 data points before spilling to disk.
INFO	2026-06-03 08:52:42	MarkDuplicates	Read     1,000,000 records.  Elapsed time: 00:00:05s.  Time for last 1,000,000:    5s.  Last read position: chr21:10,474,823
INFO	2026-06-03 08:52:42	MarkDuplicates	Tracking 24 as yet unmatched pairs. 24 records in RAM.
INFO	2026-06-03 08:52:46	MarkDuplicates	Read     2,000,000 records.  Elapsed time: 00:00:08s.  Time for last 1,000,000:    3s.  Last read position: chr21:14,586,307
INFO	2026-06-03 08:52:46	MarkDuplicates	Tracking 20 as yet unmatched pairs. 20 records in RAM.
INFO	2026-06-03 08:52:49	MarkDuplicates	Read     3,000,000 records.  Elapsed time: 00:00:11s.  Time for last 1,000,000:    2s.  Last read position: chr21:18,593,313
INFO	2026-06-03 08:52:49	MarkDuplicates	Tracking 22 as yet unmatched pairs. 22 records in RAM.
INFO	2026-06-03 08:52:52	MarkDuplicates	Read     4,000,000 records.  Elapsed time: 00:00:15s.  Time for last 1,000,000:    3s.  Last read position: chr21:22,603,480
INFO	2026-06-03 08:52:52	MarkDuplicates	Tracking 18 as yet unmatched pairs. 18 records in RAM.
INFO	2026-06-03 08:52:55	MarkDuplicates	Read     5,000,000 records.  Elapsed time: 00:00:18s.  Time for last 1,000,000:    3s.  Last read position: chr21:26,604,471
INFO	2026-06-03 08:52:55	MarkDuplicates	Tracking 26 as yet unmatched pairs. 26 records in RAM.
INFO	2026-06-03 08:52:58	MarkDuplicates	Read     6,000,000 records.  Elapsed time: 00:00:20s.  Time for last 1,000,000:    2s.  Last read position: chr21:30,620,603
INFO	2026-06-03 08:52:58	MarkDuplicates	Tracking 18 as yet unmatched pairs. 18 records in RAM.
INFO	2026-06-03 08:53:01	MarkDuplicates	Read     7,000,000 records.  Elapsed time: 00:00:23s.  Time for last 1,000,000:    2s.  Last read position: chr21:34,629,797
INFO	2026-06-03 08:53:01	MarkDuplicates	Tracking 22 as yet unmatched pairs. 22 records in RAM.
INFO	2026-06-03 08:53:03	MarkDuplicates	Read     8,000,000 records.  Elapsed time: 00:00:26s.  Time for last 1,000,000:    2s.  Last read position: chr21:38,637,693
INFO	2026-06-03 08:53:03	MarkDuplicates	Tracking 18 as yet unmatched pairs. 18 records in RAM.
INFO	2026-06-03 08:53:06	MarkDuplicates	Read     9,000,000 records.  Elapsed time: 00:00:28s.  Time for last 1,000,000:    2s.  Last read position: chr21:42,645,162
INFO	2026-06-03 08:53:06	MarkDuplicates	Tracking 18 as yet unmatched pairs. 18 records in RAM.
INFO	2026-06-03 08:53:08	MarkDuplicates	Read    10,000,000 records.  Elapsed time: 00:00:30s.  Time for last 1,000,000:    2s.  Last read position: chr21:46,699,822
INFO	2026-06-03 08:53:08	MarkDuplicates	Tracking 0 as yet unmatched pairs. 0 records in RAM.
INFO	2026-06-03 08:53:08	MarkDuplicates	Read 10000000 records. 0 pairs never matched.
INFO	2026-06-03 08:53:08	MarkDuplicates	After buildSortedReadEndLists freeMemory: 849898888; totalMemory: 2084569088; maxMemory: 4154458112
INFO	2026-06-03 08:53:08	MarkDuplicates	Will retain up to 129826816 duplicate indices before spilling to disk.
INFO	2026-06-03 08:53:09	MarkDuplicates	Traversing read pair information and detecting duplicates.
INFO	2026-06-03 08:53:11	MarkDuplicates	Traversing fragment information and detecting duplicates.
INFO	2026-06-03 08:53:12	MarkDuplicates	Sorting list of duplicate records.
INFO	2026-06-03 08:53:12	MarkDuplicates	After generateDuplicateIndexes freeMemory: 2052539384; totalMemory: 3122659328; maxMemory: 4154458112
INFO	2026-06-03 08:53:12	MarkDuplicates	Marking 3532 records as duplicates.
INFO	2026-06-03 08:53:12	MarkDuplicates	Found 860 optical duplicate clusters.
INFO	2026-06-03 08:53:12	MarkDuplicates	Reads are assumed to be ordered by: coordinate
INFO	2026-06-03 08:53:49	MarkDuplicates	Written    10,000,000 records.  Elapsed time: 00:00:36s.  Time for last 10,000,000:   36s.  Last read position: chr21:46,699,822
INFO	2026-06-03 08:53:49	MarkDuplicates	Writing complete. Closing input iterator.
INFO	2026-06-03 08:53:49	MarkDuplicates	Duplicate Index cleanup.
INFO	2026-06-03 08:53:49	MarkDuplicates	Getting Memory Stats.
INFO	2026-06-03 08:53:49	MarkDuplicates	Before output close freeMemory: 113399208; totalMemory: 146800640; maxMemory: 4154458112
INFO	2026-06-03 08:53:49	MarkDuplicates	Closed outputs. Getting more Memory Stats.
INFO	2026-06-03 08:53:49	MarkDuplicates	After output close freeMemory: 109286760; totalMemory: 140509184; maxMemory: 4154458112
[Wed Jun 03 08:53:49 MDT 2026] picard.sam.markduplicates.MarkDuplicates done. Elapsed time: 1.21 minutes.
Runtime.totalMemory()=140509184
